[0.012s] Invoking command in '/home/rudolf/ros2/knappbot_ws/src/planner_cpp/build/planner_cpp': CMAKE_PREFIX_PATH=${CMAKE_PREFIX_PATH}:/opt/ros/foxy /home/rudolf/PycharmProjects/merl_InteractiveSumoSimulation/venv_python2/bin/cmake --build /home/rudolf/ros2/knappbot_ws/src/planner_cpp/build/planner_cpp -- -j8 -l8
[0.059s] [ 50%] [32mBuilding CXX object CMakeFiles/planner_cpp.dir/src/orderOptimizer.cpp.o[0m
[1.740s] [100%] [32m[1mLinking CXX executable planner_cpp[0m
[1.841s] [100%] Built target planner_cpp
[1.849s] Invoked command in '/home/rudolf/ros2/knappbot_ws/src/planner_cpp/build/planner_cpp' returned '0': CMAKE_PREFIX_PATH=${CMAKE_PREFIX_PATH}:/opt/ros/foxy /home/rudolf/PycharmProjects/merl_InteractiveSumoSimulation/venv_python2/bin/cmake --build /home/rudolf/ros2/knappbot_ws/src/planner_cpp/build/planner_cpp -- -j8 -l8
[1.937s] Invoking command in '/home/rudolf/ros2/knappbot_ws/src/planner_cpp/build/planner_cpp': CMAKE_PREFIX_PATH=${CMAKE_PREFIX_PATH}:/opt/ros/foxy /home/rudolf/PycharmProjects/merl_InteractiveSumoSimulation/venv_python2/bin/cmake --install /home/rudolf/ros2/knappbot_ws/src/planner_cpp/build/planner_cpp
[1.968s] -- Install configuration: ""
[1.969s] -- Installing: /home/rudolf/ros2/knappbot_ws/src/planner_cpp/install/planner_cpp/lib/planner_cpp/planner_cpp
[1.969s] -- Set runtime path of "/home/rudolf/ros2/knappbot_ws/src/planner_cpp/install/planner_cpp/lib/planner_cpp/planner_cpp" to ""
[1.969s] -- Installing: /home/rudolf/ros2/knappbot_ws/src/planner_cpp/install/planner_cpp/share/ament_index/resource_index/package_run_dependencies/planner_cpp
[1.969s] -- Installing: /home/rudolf/ros2/knappbot_ws/src/planner_cpp/install/planner_cpp/share/ament_index/resource_index/parent_prefix_path/planner_cpp
[1.969s] -- Installing: /home/rudolf/ros2/knappbot_ws/src/planner_cpp/install/planner_cpp/share/planner_cpp/environment/ament_prefix_path.sh
[1.969s] -- Installing: /home/rudolf/ros2/knappbot_ws/src/planner_cpp/install/planner_cpp/share/planner_cpp/environment/ament_prefix_path.dsv
[1.969s] -- Installing: /home/rudolf/ros2/knappbot_ws/src/planner_cpp/install/planner_cpp/share/planner_cpp/environment/path.sh
[1.970s] -- Installing: /home/rudolf/ros2/knappbot_ws/src/planner_cpp/install/planner_cpp/share/planner_cpp/environment/path.dsv
[1.970s] -- Installing: /home/rudolf/ros2/knappbot_ws/src/planner_cpp/install/planner_cpp/share/planner_cpp/local_setup.bash
[1.970s] -- Installing: /home/rudolf/ros2/knappbot_ws/src/planner_cpp/install/planner_cpp/share/planner_cpp/local_setup.sh
[1.970s] -- Installing: /home/rudolf/ros2/knappbot_ws/src/planner_cpp/install/planner_cpp/share/planner_cpp/local_setup.zsh
[1.970s] -- Installing: /home/rudolf/ros2/knappbot_ws/src/planner_cpp/install/planner_cpp/share/planner_cpp/local_setup.dsv
[1.970s] -- Up-to-date: /home/rudolf/ros2/knappbot_ws/src/planner_cpp/install/planner_cpp/share/planner_cpp/package.dsv
[1.970s] -- Installing: /home/rudolf/ros2/knappbot_ws/src/planner_cpp/install/planner_cpp/share/ament_index/resource_index/packages/planner_cpp
[1.970s] -- Installing: /home/rudolf/ros2/knappbot_ws/src/planner_cpp/install/planner_cpp/share/planner_cpp/cmake/planner_cppConfig.cmake
[1.970s] -- Installing: /home/rudolf/ros2/knappbot_ws/src/planner_cpp/install/planner_cpp/share/planner_cpp/cmake/planner_cppConfig-version.cmake
[1.970s] -- Installing: /home/rudolf/ros2/knappbot_ws/src/planner_cpp/install/planner_cpp/share/planner_cpp/package.xml
[1.976s] Invoked command in '/home/rudolf/ros2/knappbot_ws/src/planner_cpp/build/planner_cpp' returned '0': CMAKE_PREFIX_PATH=${CMAKE_PREFIX_PATH}:/opt/ros/foxy /home/rudolf/PycharmProjects/merl_InteractiveSumoSimulation/venv_python2/bin/cmake --install /home/rudolf/ros2/knappbot_ws/src/planner_cpp/build/planner_cpp
