[0.011s] Invoking command in '/home/rudolf/ros2/knappbot_ws/src/planner_cpp/build/planner_cpp': CMAKE_PREFIX_PATH=${CMAKE_PREFIX_PATH}:/opt/ros/foxy /home/rudolf/PycharmProjects/merl_InteractiveSumoSimulation/venv_python2/bin/cmake /home/rudolf/ros2/knappbot_ws/src/planner_cpp -DCMAKE_INSTALL_PREFIX=/home/rudolf/ros2/knappbot_ws/src/planner_cpp/install/planner_cpp
[0.048s] -- Found ament_cmake: 0.9.12 (/opt/ros/foxy/share/ament_cmake/cmake)
[0.050s] [33mCMake Warning (dev) at /opt/ros/foxy/share/ament_cmake_core/cmake/core/python.cmake:22 (find_package):
[0.050s]   Policy CMP0148 is not set: The FindPythonInterp and FindPythonLibs modules
[0.050s]   are removed.  Run "cmake --help-policy CMP0148" for policy details.  Use
[0.050s]   the cmake_policy command to set the policy and suppress this warning.
[0.050s] 
[0.050s] Call Stack (most recent call first):
[0.050s]   /opt/ros/foxy/share/ament_cmake_core/cmake/core/all.cmake:53 (include)
[0.050s]   /opt/ros/foxy/share/ament_cmake_core/cmake/ament_cmake_core-extras.cmake:17 (include)
[0.050s]   /opt/ros/foxy/share/ament_cmake_core/cmake/ament_cmake_coreConfig.cmake:41 (include)
[0.050s]   /opt/ros/foxy/share/ament_cmake/cmake/ament_cmake_export_dependencies-extras.cmake:15 (find_package)
[0.050s]   /opt/ros/foxy/share/ament_cmake/cmake/ament_cmakeConfig.cmake:41 (include)
[0.050s]   CMakeLists.txt:15 (find_package)
[0.050s] This warning is for project developers.  Use -Wno-dev to suppress it.
[0.050s] [0m
[0.075s] -- Using PYTHON_EXECUTABLE: /home/rudolf/PycharmProjects/merl_InteractiveSumoSimulation/venv_python2/bin/python3
[0.224s] -- Found rclcpp: 2.4.3 (/opt/ros/foxy/share/rclcpp/cmake)
[0.260s] -- Using all available rosidl_typesupport_c: rosidl_typesupport_fastrtps_c;rosidl_typesupport_introspection_c
[0.263s] -- Found rosidl_adapter: 1.3.1 (/opt/ros/foxy/share/rosidl_adapter/cmake)
[0.365s] -- Using all available rosidl_typesupport_cpp: rosidl_typesupport_fastrtps_cpp;rosidl_typesupport_introspection_cpp
[0.416s] -- Found rmw_implementation_cmake: 1.0.4 (/opt/ros/foxy/share/rmw_implementation_cmake/cmake)
[0.417s] -- Using RMW implementation 'rmw_fastrtps_cpp' as default
[0.556s] -- Found ament_lint_auto: 0.9.8 (/opt/ros/foxy/share/ament_lint_auto/cmake)
[0.644s] -- Added test 'copyright' to check source files copyright and LICENSE
[0.648s] -- Added test 'cppcheck' to perform static code analysis on C / C++ code
[0.649s] -- Configured cppcheck include dirs: 
[0.649s] -- Configured cppcheck exclude dirs and/or files: 
[0.653s] -- Added test 'cpplint' to check C / C++ code against the Google style
[0.653s] -- Configured cpplint exclude dirs and/or files: 
[0.654s] -- Added test 'flake8' to check Python code syntax and style conventions
[0.655s] -- Added test 'lint_cmake' to check CMake code style
[0.656s] -- Added test 'pep257' to check Python code against some of the style conventions in PEP 257
[0.660s] -- Added test 'uncrustify' to check C / C++ code style
[0.660s] -- Configured uncrustify additional arguments: 
[0.661s] -- Added test 'xmllint' to check XML markup files
[0.662s] -- Configuring done (0.6s)
[0.664s] [31mCMake Error at CMakeLists.txt:18 (add_executable):
[0.664s]   Cannot find source file:
[0.665s] 
[0.665s]     src/planner.cpp
[0.665s] 
[0.665s]   Tried extensions .c .C .c++ .cc .cpp .cxx .cu .mpp .m .M .mm .ixx .cppm
[0.665s]   .ccm .cxxm .c++m .h .hh .h++ .hm .hpp .hxx .in .txx .f .F .for .f77 .f90
[0.665s]   .f95 .f03 .hip .ispc
[0.665s] 
[0.665s] [0m
[0.666s] [31mCMake Error at CMakeLists.txt:18 (add_executable):
[0.667s]   No SOURCES given to target: planner_cpp
[0.667s] 
[0.667s] [0m
[0.667s] [0mCMake Generate step failed.  Build files cannot be regenerated correctly.[0m
[0.674s] Invoked command in '/home/rudolf/ros2/knappbot_ws/src/planner_cpp/build/planner_cpp' returned '1': CMAKE_PREFIX_PATH=${CMAKE_PREFIX_PATH}:/opt/ros/foxy /home/rudolf/PycharmProjects/merl_InteractiveSumoSimulation/venv_python2/bin/cmake /home/rudolf/ros2/knappbot_ws/src/planner_cpp -DCMAKE_INSTALL_PREFIX=/home/rudolf/ros2/knappbot_ws/src/planner_cpp/install/planner_cpp
