[0.202s] DEBUG:colcon:Command line arguments: ['/usr/bin/colcon', 'build']
[0.202s] DEBUG:colcon:Parsed command line arguments: Namespace(allow_overriding=[], ament_cmake_args=None, base_paths=['.'], build_base='build', catkin_cmake_args=None, catkin_skip_building_tests=False, cmake_args=None, cmake_clean_cache=False, cmake_clean_first=False, cmake_force_configure=False, cmake_target=None, cmake_target_skip_unavailable=False, continue_on_error=False, event_handlers=None, executor='parallel', ignore_user_meta=False, install_base='install', log_base=None, log_level=None, main=<bound method BuildVerb.main of <colcon_core.verb.build.BuildVerb object at 0x7f123dc13460>>, merge_install=False, metas=['./colcon.meta'], mixin=None, mixin_files=None, mixin_verb=('build',), packages_above=None, packages_above_and_dependencies=None, packages_above_depth=None, packages_end=None, packages_ignore=None, packages_ignore_regex=None, packages_select=None, packages_select_build_failed=False, packages_select_by_dep=None, packages_select_regex=None, packages_select_test_failures=False, packages_skip=None, packages_skip_build_finished=False, packages_skip_by_dep=None, packages_skip_regex=None, packages_skip_test_passed=False, packages_skip_up_to=None, packages_start=None, packages_up_to=None, packages_up_to_regex=None, parallel_workers=8, paths=None, symlink_install=False, test_result_base=None, verb_extension=<colcon_core.verb.build.BuildVerb object at 0x7f123dc13460>, verb_name='build', verb_parser=<colcon_mixin.mixin.mixin_argument.MixinArgumentDecorator object at 0x7f123dc13a90>)
[0.350s] Level 1:colcon.colcon_core.package_discovery:discover_packages(colcon_meta) check parameters
[0.350s] Level 1:colcon.colcon_core.package_discovery:discover_packages(recursive) check parameters
[0.350s] Level 1:colcon.colcon_core.package_discovery:discover_packages(ignore) check parameters
[0.350s] Level 1:colcon.colcon_core.package_discovery:discover_packages(path) check parameters
[0.350s] Level 1:colcon.colcon_core.package_discovery:discover_packages(colcon_meta) discover
[0.351s] Level 1:colcon.colcon_core.package_discovery:discover_packages(recursive) discover
[0.351s] INFO:colcon.colcon_core.package_discovery:Crawling recursively for packages in '/home/rudolf/ros2/knappbot_ws/src/planner_cpp'
[0.351s] Level 1:colcon.colcon_core.package_identification:_identify(.) by extensions ['ignore', 'ignore_ament_install']
[0.351s] Level 1:colcon.colcon_core.package_identification:_identify(.) by extension 'ignore'
[0.351s] Level 1:colcon.colcon_core.package_identification:_identify(.) by extension 'ignore_ament_install'
[0.351s] Level 1:colcon.colcon_core.package_identification:_identify(.) by extensions ['colcon_pkg']
[0.351s] Level 1:colcon.colcon_core.package_identification:_identify(.) by extension 'colcon_pkg'
[0.351s] Level 1:colcon.colcon_core.package_identification:_identify(.) by extensions ['colcon_meta']
[0.351s] Level 1:colcon.colcon_core.package_identification:_identify(.) by extension 'colcon_meta'
[0.351s] Level 1:colcon.colcon_core.package_identification:_identify(.) by extensions ['ros']
[0.351s] Level 1:colcon.colcon_core.package_identification:_identify(.) by extension 'ros'
[0.364s] DEBUG:colcon.colcon_core.package_identification:Package '.' with type 'ros.ament_cmake' and name 'planner_cpp'
[0.364s] Level 1:colcon.colcon_core.package_discovery:discover_packages(recursive) using defaults
[0.364s] Level 1:colcon.colcon_core.package_discovery:discover_packages(ignore) discover
[0.364s] Level 1:colcon.colcon_core.package_discovery:discover_packages(ignore) using defaults
[0.364s] Level 1:colcon.colcon_core.package_discovery:discover_packages(path) discover
[0.364s] Level 1:colcon.colcon_core.package_discovery:discover_packages(path) using defaults
[0.381s] Level 1:colcon.colcon_core.package_discovery:discover_packages(prefix_path) check parameters
[0.382s] Level 1:colcon.colcon_core.package_discovery:discover_packages(prefix_path) discover
[0.383s] DEBUG:colcon.colcon_installed_package_information.package_discovery:Found 1 installed packages in /home/rudolf/ros2/knappbot_ws/install
[0.384s] DEBUG:colcon.colcon_installed_package_information.package_discovery:Found 256 installed packages in /opt/ros/foxy
[0.386s] Level 1:colcon.colcon_core.package_discovery:discover_packages(prefix_path) using defaults
[0.454s] Level 5:colcon.colcon_core.verb:set package 'planner_cpp' build argument 'cmake_args' from command line to 'None'
[0.454s] Level 5:colcon.colcon_core.verb:set package 'planner_cpp' build argument 'cmake_target' from command line to 'None'
[0.454s] Level 5:colcon.colcon_core.verb:set package 'planner_cpp' build argument 'cmake_target_skip_unavailable' from command line to 'False'
[0.454s] Level 5:colcon.colcon_core.verb:set package 'planner_cpp' build argument 'cmake_clean_cache' from command line to 'False'
[0.454s] Level 5:colcon.colcon_core.verb:set package 'planner_cpp' build argument 'cmake_clean_first' from command line to 'False'
[0.454s] Level 5:colcon.colcon_core.verb:set package 'planner_cpp' build argument 'cmake_force_configure' from command line to 'False'
[0.454s] Level 5:colcon.colcon_core.verb:set package 'planner_cpp' build argument 'ament_cmake_args' from command line to 'None'
[0.454s] Level 5:colcon.colcon_core.verb:set package 'planner_cpp' build argument 'catkin_cmake_args' from command line to 'None'
[0.455s] Level 5:colcon.colcon_core.verb:set package 'planner_cpp' build argument 'catkin_skip_building_tests' from command line to 'False'
[0.455s] DEBUG:colcon.colcon_core.verb:Building package 'planner_cpp' with the following arguments: {'ament_cmake_args': None, 'build_base': '/home/rudolf/ros2/knappbot_ws/src/planner_cpp/build/planner_cpp', 'catkin_cmake_args': None, 'catkin_skip_building_tests': False, 'cmake_args': None, 'cmake_clean_cache': False, 'cmake_clean_first': False, 'cmake_force_configure': False, 'cmake_target': None, 'cmake_target_skip_unavailable': False, 'install_base': '/home/rudolf/ros2/knappbot_ws/src/planner_cpp/install/planner_cpp', 'merge_install': False, 'path': '/home/rudolf/ros2/knappbot_ws/src/planner_cpp', 'symlink_install': False, 'test_result_base': None}
[0.455s] INFO:colcon.colcon_core.executor:Executing jobs using 'parallel' executor
[0.456s] DEBUG:colcon.colcon_parallel_executor.executor.parallel:run_until_complete
[0.456s] INFO:colcon.colcon_ros.task.ament_cmake.build:Building ROS package in '/home/rudolf/ros2/knappbot_ws/src/planner_cpp' with build type 'ament_cmake'
[0.456s] INFO:colcon.colcon_cmake.task.cmake.build:Building CMake package in '/home/rudolf/ros2/knappbot_ws/src/planner_cpp'
[0.458s] INFO:colcon.colcon_core.plugin_system:Skipping extension 'colcon_core.shell.bat': Not used on non-Windows systems
[0.458s] INFO:colcon.colcon_core.shell:Skip shell extension 'powershell' for command environment: Not usable outside of PowerShell
[0.458s] DEBUG:colcon.colcon_core.shell:Skip shell extension 'dsv' for command environment
[0.468s] DEBUG:colcon.colcon_core.event_handler.log_command:Invoking command in '/home/rudolf/ros2/knappbot_ws/src/planner_cpp/build/planner_cpp': CMAKE_PREFIX_PATH=${CMAKE_PREFIX_PATH}:/opt/ros/foxy /home/rudolf/PycharmProjects/merl_InteractiveSumoSimulation/venv_python2/bin/cmake /home/rudolf/ros2/knappbot_ws/src/planner_cpp -DCMAKE_INSTALL_PREFIX=/home/rudolf/ros2/knappbot_ws/src/planner_cpp/install/planner_cpp
[1.132s] DEBUG:colcon.colcon_core.event_handler.log_command:Invoked command in '/home/rudolf/ros2/knappbot_ws/src/planner_cpp/build/planner_cpp' returned '0': CMAKE_PREFIX_PATH=${CMAKE_PREFIX_PATH}:/opt/ros/foxy /home/rudolf/PycharmProjects/merl_InteractiveSumoSimulation/venv_python2/bin/cmake /home/rudolf/ros2/knappbot_ws/src/planner_cpp -DCMAKE_INSTALL_PREFIX=/home/rudolf/ros2/knappbot_ws/src/planner_cpp/install/planner_cpp
[1.135s] DEBUG:colcon.colcon_core.event_handler.log_command:Invoking command in '/home/rudolf/ros2/knappbot_ws/src/planner_cpp/build/planner_cpp': CMAKE_PREFIX_PATH=${CMAKE_PREFIX_PATH}:/opt/ros/foxy /home/rudolf/PycharmProjects/merl_InteractiveSumoSimulation/venv_python2/bin/cmake --build /home/rudolf/ros2/knappbot_ws/src/planner_cpp/build/planner_cpp -- -j8 -l8
[1.234s] DEBUG:colcon.colcon_core.event_handler.log_command:Invoked command in '/home/rudolf/ros2/knappbot_ws/src/planner_cpp/build/planner_cpp' returned '2': CMAKE_PREFIX_PATH=${CMAKE_PREFIX_PATH}:/opt/ros/foxy /home/rudolf/PycharmProjects/merl_InteractiveSumoSimulation/venv_python2/bin/cmake --build /home/rudolf/ros2/knappbot_ws/src/planner_cpp/build/planner_cpp -- -j8 -l8
[1.278s] Level 1:colcon.colcon_core.environment:create_environment_scripts_only(planner_cpp)
[1.281s] Level 1:colcon.colcon_core.environment:checking '/home/rudolf/ros2/knappbot_ws/src/planner_cpp/install/planner_cpp' for CMake module files
[1.281s] Level 1:colcon.colcon_core.environment:checking '/home/rudolf/ros2/knappbot_ws/src/planner_cpp/install/planner_cpp' for CMake config files
[1.282s] Level 1:colcon.colcon_core.environment:checking '/home/rudolf/ros2/knappbot_ws/src/planner_cpp/install/planner_cpp/bin'
[1.282s] Level 1:colcon.colcon_core.environment:checking '/home/rudolf/ros2/knappbot_ws/src/planner_cpp/install/planner_cpp/lib/pkgconfig/planner_cpp.pc'
[1.282s] Level 1:colcon.colcon_core.environment:checking '/home/rudolf/ros2/knappbot_ws/src/planner_cpp/install/planner_cpp/lib/python3.8/site-packages'
[1.282s] Level 1:colcon.colcon_core.environment:checking '/home/rudolf/ros2/knappbot_ws/src/planner_cpp/install/planner_cpp/bin'
[1.282s] INFO:colcon.colcon_core.shell:Creating package script '/home/rudolf/ros2/knappbot_ws/src/planner_cpp/install/planner_cpp/share/planner_cpp/package.ps1'
[1.283s] INFO:colcon.colcon_core.shell:Creating package descriptor '/home/rudolf/ros2/knappbot_ws/src/planner_cpp/install/planner_cpp/share/planner_cpp/package.dsv'
[1.284s] INFO:colcon.colcon_core.shell:Creating package script '/home/rudolf/ros2/knappbot_ws/src/planner_cpp/install/planner_cpp/share/planner_cpp/package.sh'
[1.284s] INFO:colcon.colcon_core.shell:Creating package script '/home/rudolf/ros2/knappbot_ws/src/planner_cpp/install/planner_cpp/share/planner_cpp/package.bash'
[1.285s] INFO:colcon.colcon_core.shell:Creating package script '/home/rudolf/ros2/knappbot_ws/src/planner_cpp/install/planner_cpp/share/planner_cpp/package.zsh'
[1.286s] Level 1:colcon.colcon_core.environment:create_file_with_runtime_dependencies(/home/rudolf/ros2/knappbot_ws/src/planner_cpp/install/planner_cpp/share/colcon-core/packages/planner_cpp)
[1.296s] DEBUG:colcon.colcon_parallel_executor.executor.parallel:closing loop
[1.297s] DEBUG:colcon.colcon_parallel_executor.executor.parallel:loop closed
[1.297s] DEBUG:colcon.colcon_parallel_executor.executor.parallel:run_until_complete finished with '2'
[1.297s] DEBUG:colcon.colcon_core.event_reactor:joining thread
[1.302s] INFO:colcon.colcon_core.plugin_system:Skipping extension 'colcon_notification.desktop_notification.terminal_notifier': Not used on non-Darwin systems
[1.302s] INFO:colcon.colcon_core.plugin_system:Skipping extension 'colcon_notification.desktop_notification.win32': Not used on non-Windows systems
[1.302s] INFO:colcon.colcon_notification.desktop_notification:Sending desktop notification using 'notify2'
[1.311s] DEBUG:colcon.colcon_core.event_reactor:joined thread
[1.311s] INFO:colcon.colcon_core.shell:Creating prefix script '/home/rudolf/ros2/knappbot_ws/src/planner_cpp/install/local_setup.ps1'
[1.312s] INFO:colcon.colcon_core.shell:Creating prefix util module '/home/rudolf/ros2/knappbot_ws/src/planner_cpp/install/_local_setup_util_ps1.py'
[1.313s] INFO:colcon.colcon_core.shell:Creating prefix chain script '/home/rudolf/ros2/knappbot_ws/src/planner_cpp/install/setup.ps1'
[1.314s] INFO:colcon.colcon_core.shell:Creating prefix script '/home/rudolf/ros2/knappbot_ws/src/planner_cpp/install/local_setup.sh'
[1.315s] INFO:colcon.colcon_core.shell:Creating prefix util module '/home/rudolf/ros2/knappbot_ws/src/planner_cpp/install/_local_setup_util_sh.py'
[1.315s] INFO:colcon.colcon_core.shell:Creating prefix chain script '/home/rudolf/ros2/knappbot_ws/src/planner_cpp/install/setup.sh'
[1.317s] INFO:colcon.colcon_core.shell:Creating prefix script '/home/rudolf/ros2/knappbot_ws/src/planner_cpp/install/local_setup.bash'
[1.317s] INFO:colcon.colcon_core.shell:Creating prefix chain script '/home/rudolf/ros2/knappbot_ws/src/planner_cpp/install/setup.bash'
[1.318s] INFO:colcon.colcon_core.shell:Creating prefix script '/home/rudolf/ros2/knappbot_ws/src/planner_cpp/install/local_setup.zsh'
[1.319s] INFO:colcon.colcon_core.shell:Creating prefix chain script '/home/rudolf/ros2/knappbot_ws/src/planner_cpp/install/setup.zsh'
