[0.011s] Invoking command in '/home/rudolf/ros2/knappbot_ws/src/build/custom_interfaces': CMAKE_PREFIX_PATH=${CMAKE_PREFIX_PATH}:/opt/ros/foxy /home/rudolf/PycharmProjects/merl_InteractiveSumoSimulation/venv_python2/bin/cmake /home/rudolf/ros2/knappbot_ws/src/custom_interfaces -DCMAKE_INSTALL_PREFIX=/home/rudolf/ros2/knappbot_ws/src/install/custom_interfaces
[0.046s] -- Found ament_cmake: 0.9.12 (/opt/ros/foxy/share/ament_cmake/cmake)
[0.048s] [33mCMake Warning (dev) at /opt/ros/foxy/share/ament_cmake_core/cmake/core/python.cmake:22 (find_package):
[0.048s]   Policy CMP0148 is not set: The FindPythonInterp and FindPythonLibs modules
[0.048s]   are removed.  Run "cmake --help-policy CMP0148" for policy details.  Use
[0.048s]   the cmake_policy command to set the policy and suppress this warning.
[0.049s] 
[0.049s] Call Stack (most recent call first):
[0.049s]   /opt/ros/foxy/share/ament_cmake_core/cmake/core/all.cmake:53 (include)
[0.049s]   /opt/ros/foxy/share/ament_cmake_core/cmake/ament_cmake_core-extras.cmake:17 (include)
[0.049s]   /opt/ros/foxy/share/ament_cmake_core/cmake/ament_cmake_coreConfig.cmake:41 (include)
[0.049s]   /opt/ros/foxy/share/ament_cmake/cmake/ament_cmake_export_dependencies-extras.cmake:15 (find_package)
[0.049s]   /opt/ros/foxy/share/ament_cmake/cmake/ament_cmakeConfig.cmake:41 (include)
[0.049s]   CMakeLists.txt:19 (find_package)
[0.049s] This warning is for project developers.  Use -Wno-dev to suppress it.
[0.049s] [0m
[0.074s] -- Found PythonInterp: /home/rudolf/PycharmProjects/merl_InteractiveSumoSimulation/venv_python2/bin/python3 (found suitable version "3.8.10", minimum required is "3") 
[0.074s] -- Using PYTHON_EXECUTABLE: /home/rudolf/PycharmProjects/merl_InteractiveSumoSimulation/venv_python2/bin/python3
[0.215s] -- Found rosidl_default_generators: 1.0.1 (/opt/ros/foxy/share/rosidl_default_generators/cmake)
[0.217s] -- Using all available rosidl_typesupport_c: rosidl_typesupport_fastrtps_c;rosidl_typesupport_introspection_c
[0.220s] -- Found rosidl_adapter: 1.3.1 (/opt/ros/foxy/share/rosidl_adapter/cmake)
[0.338s] -- Using all available rosidl_typesupport_cpp: rosidl_typesupport_fastrtps_cpp;rosidl_typesupport_introspection_cpp
[0.365s] [33mCMake Warning (dev) at /opt/ros/foxy/share/rosidl_adapter/cmake/rosidl_adapt_interfaces.cmake:40 (find_package):
[0.366s]   Policy CMP0148 is not set: The FindPythonInterp and FindPythonLibs modules
[0.366s]   are removed.  Run "cmake --help-policy CMP0148" for policy details.  Use
[0.366s]   the cmake_policy command to set the policy and suppress this warning.
[0.366s] 
[0.366s] Call Stack (most recent call first):
[0.366s]   /opt/ros/foxy/share/rosidl_cmake/cmake/rosidl_generate_interfaces.cmake:130 (rosidl_adapt_interfaces)
[0.366s]   CMakeLists.txt:21 (rosidl_generate_interfaces)
[0.366s] This warning is for project developers.  Use -Wno-dev to suppress it.
[0.366s] [0m
[0.391s] -- Found PythonInterp: /home/rudolf/PycharmProjects/merl_InteractiveSumoSimulation/venv_python2/bin/python3 (found version "3.8.10") 
[0.435s] [31mCMake Error at /opt/ros/foxy/share/rosidl_adapter/cmake/rosidl_adapt_interfaces.cmake:60 (message):
[0.435s]   
[0.435s]   execute_process(/home/rudolf/PycharmProjects/merl_InteractiveSumoSimulation/venv_python2/bin/python3
[0.435s]   -m rosidl_adapter --package-name custom_interfaces --arguments-file
[0.435s]   /home/rudolf/ros2/knappbot_ws/src/build/custom_interfaces/rosidl_adapter__arguments__custom_interfaces.json
[0.435s]   --output-dir
[0.435s]   /home/rudolf/ros2/knappbot_ws/src/build/custom_interfaces/rosidl_adapter/custom_interfaces
[0.436s]   --output-file
[0.436s]   /home/rudolf/ros2/knappbot_ws/src/build/custom_interfaces/rosidl_adapter/custom_interfaces.idls)
[0.436s]   returned error code 1:
[0.436s] 
[0.436s]   Traceback (most recent call last):
[0.436s] 
[0.436s]     File "/usr/lib/python3.8/runpy.py", line 194, in _run_module_as_main
[0.436s]       return _run_code(code, main_globals, None,
[0.436s]     File "/usr/lib/python3.8/runpy.py", line 87, in _run_code
[0.436s]       exec(code, run_globals)
[0.436s]     File "/opt/ros/foxy/lib/python3.8/site-packages/rosidl_adapter/__main__.py", line 19, in <module>
[0.437s]       sys.exit(main())
[0.437s]     File "/opt/ros/foxy/lib/python3.8/site-packages/rosidl_adapter/main.py", line 53, in main
[0.437s]       abs_idl_file = convert_to_idl(
[0.437s]     File "/opt/ros/foxy/lib/python3.8/site-packages/rosidl_adapter/__init__.py", line 18, in convert_to_idl
[0.437s]       from rosidl_adapter.msg import convert_msg_to_idl
[0.437s]     File "/opt/ros/foxy/lib/python3.8/site-packages/rosidl_adapter/msg/__init__.py", line 16, in <module>
[0.437s]       from rosidl_adapter.resource import expand_template
[0.437s]     File "/opt/ros/foxy/lib/python3.8/site-packages/rosidl_adapter/resource/__init__.py", line 19, in <module>
[0.437s]       import em
[0.437s] 
[0.437s]   ModuleNotFoundError: No module named 'em'
[0.438s] 
[0.438s] Call Stack (most recent call first):
[0.438s]   /opt/ros/foxy/share/rosidl_cmake/cmake/rosidl_generate_interfaces.cmake:130 (rosidl_adapt_interfaces)
[0.438s]   CMakeLists.txt:21 (rosidl_generate_interfaces)
[0.438s] 
[0.438s] [0m
[0.438s] -- Configuring incomplete, errors occurred!
[0.444s] Invoked command in '/home/rudolf/ros2/knappbot_ws/src/build/custom_interfaces' returned '1': CMAKE_PREFIX_PATH=${CMAKE_PREFIX_PATH}:/opt/ros/foxy /home/rudolf/PycharmProjects/merl_InteractiveSumoSimulation/venv_python2/bin/cmake /home/rudolf/ros2/knappbot_ws/src/custom_interfaces -DCMAKE_INSTALL_PREFIX=/home/rudolf/ros2/knappbot_ws/src/install/custom_interfaces
