[0.009s] Invoking command in '/home/rudolf/ros2/knappbot_ws/src/planner_cpp/build/planner_cpp': CMAKE_PREFIX_PATH=${CMAKE_PREFIX_PATH}:/opt/ros/foxy /home/rudolf/PycharmProjects/merl_InteractiveSumoSimulation/venv_python2/bin/cmake /home/rudolf/ros2/knappbot_ws/src/planner_cpp -DCMAKE_INSTALL_PREFIX=/home/rudolf/ros2/knappbot_ws/src/planner_cpp/install/planner_cpp
[0.081s] -- The C compiler identification is GNU 9.4.0
[0.134s] -- The CXX compiler identification is GNU 9.4.0
[0.149s] -- Detecting C compiler ABI info
[0.201s] -- Detecting C compiler ABI info - done
[0.213s] -- Check for working C compiler: /usr/bin/cc - skipped
[0.213s] -- Detecting C compile features
[0.214s] -- Detecting C compile features - done
[0.223s] -- Detecting CXX compiler ABI info
[0.285s] -- Detecting CXX compiler ABI info - done
[0.298s] -- Check for working CXX compiler: /usr/bin/c++ - skipped
[0.298s] -- Detecting CXX compile features
[0.299s] -- Detecting CXX compile features - done
[0.301s] -- Found ament_cmake: 0.9.12 (/opt/ros/foxy/share/ament_cmake/cmake)
[0.304s] [33mCMake Warning (dev) at /opt/ros/foxy/share/ament_cmake_core/cmake/core/python.cmake:22 (find_package):
[0.304s]   Policy CMP0148 is not set: The FindPythonInterp and FindPythonLibs modules
[0.304s]   are removed.  Run "cmake --help-policy CMP0148" for policy details.  Use
[0.304s]   the cmake_policy command to set the policy and suppress this warning.
[0.304s] 
[0.304s] Call Stack (most recent call first):
[0.305s]   /opt/ros/foxy/share/ament_cmake_core/cmake/core/all.cmake:53 (include)
[0.305s]   /opt/ros/foxy/share/ament_cmake_core/cmake/ament_cmake_core-extras.cmake:17 (include)
[0.305s]   /opt/ros/foxy/share/ament_cmake_core/cmake/ament_cmake_coreConfig.cmake:41 (include)
[0.305s]   /opt/ros/foxy/share/ament_cmake/cmake/ament_cmake_export_dependencies-extras.cmake:15 (find_package)
[0.305s]   /opt/ros/foxy/share/ament_cmake/cmake/ament_cmakeConfig.cmake:41 (include)
[0.305s]   CMakeLists.txt:15 (find_package)
[0.305s] This warning is for project developers.  Use -Wno-dev to suppress it.
[0.305s] [0m
[0.338s] -- Found PythonInterp: /home/rudolf/PycharmProjects/merl_InteractiveSumoSimulation/venv_python2/bin/python3 (found suitable version "3.8.10", minimum required is "3") 
[0.338s] -- Using PYTHON_EXECUTABLE: /home/rudolf/PycharmProjects/merl_InteractiveSumoSimulation/venv_python2/bin/python3
[0.513s] -- Found rclcpp: 2.4.3 (/opt/ros/foxy/share/rclcpp/cmake)
[0.557s] -- Using all available rosidl_typesupport_c: rosidl_typesupport_fastrtps_c;rosidl_typesupport_introspection_c
[0.563s] -- Found rosidl_adapter: 1.3.1 (/opt/ros/foxy/share/rosidl_adapter/cmake)
[0.617s] -- Found OpenSSL: /usr/lib/x86_64-linux-gnu/libcrypto.so (found version "1.1.1f")  
[0.638s] -- Found FastRTPS: /opt/ros/foxy/include  
[0.709s] -- Using all available rosidl_typesupport_cpp: rosidl_typesupport_fastrtps_cpp;rosidl_typesupport_introspection_cpp
[0.766s] -- Found rmw_implementation_cmake: 1.0.4 (/opt/ros/foxy/share/rmw_implementation_cmake/cmake)
[0.767s] -- Using RMW implementation 'rmw_fastrtps_cpp' as default
[0.768s] -- Performing Test CMAKE_HAVE_LIBC_PTHREAD
[0.818s] -- Performing Test CMAKE_HAVE_LIBC_PTHREAD - Failed
[0.818s] -- Looking for pthread_create in pthreads
[0.856s] -- Looking for pthread_create in pthreads - not found
[0.856s] -- Looking for pthread_create in pthread
[0.906s] -- Looking for pthread_create in pthread - found
[0.907s] -- Found Threads: TRUE  
[1.065s] [31mCMake Error at CMakeLists.txt:21 (insall):
[1.066s]   Unknown CMake command "insall".
[1.066s] 
[1.066s] [0m
[1.066s] -- Configuring incomplete, errors occurred!
[1.075s] Invoked command in '/home/rudolf/ros2/knappbot_ws/src/planner_cpp/build/planner_cpp' returned '1': CMAKE_PREFIX_PATH=${CMAKE_PREFIX_PATH}:/opt/ros/foxy /home/rudolf/PycharmProjects/merl_InteractiveSumoSimulation/venv_python2/bin/cmake /home/rudolf/ros2/knappbot_ws/src/planner_cpp -DCMAKE_INSTALL_PREFIX=/home/rudolf/ros2/knappbot_ws/src/planner_cpp/install/planner_cpp
