[0.010s] Invoking command in '/home/rudolf/ros2/knappbot_ws/src/build/custom_interfaces': CMAKE_PREFIX_PATH=${CMAKE_PREFIX_PATH}:/opt/ros/foxy /home/rudolf/PycharmProjects/merl_InteractiveSumoSimulation/venv_python2/bin/cmake /home/rudolf/ros2/knappbot_ws/src/custom_interfaces -DCMAKE_INSTALL_PREFIX=/home/rudolf/ros2/knappbot_ws/src/install/custom_interfaces
[0.178s] -- The C compiler identification is GNU 9.4.0
[0.256s] -- The CXX compiler identification is GNU 9.4.0
[0.280s] -- Detecting C compiler ABI info
[0.337s] -- Detecting C compiler ABI info - done
[0.350s] -- Check for working C compiler: /usr/bin/cc - skipped
[0.350s] -- Detecting C compile features
[0.351s] -- Detecting C compile features - done
[0.361s] -- Detecting CXX compiler ABI info
[0.439s] -- Detecting CXX compiler ABI info - done
[0.455s] -- Check for working CXX compiler: /usr/bin/c++ - skipped
[0.455s] -- Detecting CXX compile features
[0.456s] -- Detecting CXX compile features - done
[0.460s] -- Found ament_cmake: 0.9.12 (/opt/ros/foxy/share/ament_cmake/cmake)
[0.467s] [33mCMake Warning (dev) at /opt/ros/foxy/share/ament_cmake_core/cmake/core/python.cmake:22 (find_package):
[0.467s]   Policy CMP0148 is not set: The FindPythonInterp and FindPythonLibs modules
[0.467s]   are removed.  Run "cmake --help-policy CMP0148" for policy details.  Use
[0.467s]   the cmake_policy command to set the policy and suppress this warning.
[0.467s] 
[0.467s] Call Stack (most recent call first):
[0.467s]   /opt/ros/foxy/share/ament_cmake_core/cmake/core/all.cmake:53 (include)
[0.468s]   /opt/ros/foxy/share/ament_cmake_core/cmake/ament_cmake_core-extras.cmake:17 (include)
[0.468s]   /opt/ros/foxy/share/ament_cmake_core/cmake/ament_cmake_coreConfig.cmake:41 (include)
[0.468s]   /opt/ros/foxy/share/ament_cmake/cmake/ament_cmake_export_dependencies-extras.cmake:15 (find_package)
[0.468s]   /opt/ros/foxy/share/ament_cmake/cmake/ament_cmakeConfig.cmake:41 (include)
[0.468s]   CMakeLists.txt:19 (find_package)
[0.468s] This warning is for project developers.  Use -Wno-dev to suppress it.
[0.468s] [0m
[0.501s] -- Found PythonInterp: /home/rudolf/PycharmProjects/merl_InteractiveSumoSimulation/venv_python2/bin/python3 (found suitable version "3.8.10", minimum required is "3") 
[0.501s] -- Using PYTHON_EXECUTABLE: /home/rudolf/PycharmProjects/merl_InteractiveSumoSimulation/venv_python2/bin/python3
[0.720s] -- Found rosidl_default_generators: 1.0.1 (/opt/ros/foxy/share/rosidl_default_generators/cmake)
[0.725s] -- Using all available rosidl_typesupport_c: rosidl_typesupport_fastrtps_c;rosidl_typesupport_introspection_c
[0.733s] -- Found rosidl_adapter: 1.3.1 (/opt/ros/foxy/share/rosidl_adapter/cmake)
[0.815s] -- Found OpenSSL: /usr/lib/x86_64-linux-gnu/libcrypto.so (found version "1.1.1f")  
[0.836s] -- Found FastRTPS: /opt/ros/foxy/include  
[0.920s] -- Using all available rosidl_typesupport_cpp: rosidl_typesupport_fastrtps_cpp;rosidl_typesupport_introspection_cpp
[0.951s] [33mCMake Warning (dev) at /opt/ros/foxy/share/rosidl_adapter/cmake/rosidl_adapt_interfaces.cmake:40 (find_package):
[0.951s]   Policy CMP0148 is not set: The FindPythonInterp and FindPythonLibs modules
[0.951s]   are removed.  Run "cmake --help-policy CMP0148" for policy details.  Use
[0.951s]   the cmake_policy command to set the policy and suppress this warning.
[0.951s] 
[0.951s] Call Stack (most recent call first):
[0.951s]   /opt/ros/foxy/share/rosidl_cmake/cmake/rosidl_generate_interfaces.cmake:130 (rosidl_adapt_interfaces)
[0.951s]   CMakeLists.txt:21 (rosidl_generate_interfaces)
[0.951s] This warning is for project developers.  Use -Wno-dev to suppress it.
[0.951s] [0m
[0.974s] -- Found PythonInterp: /home/rudolf/PycharmProjects/merl_InteractiveSumoSimulation/venv_python2/bin/python3 (found version "3.8.10") 
[1.015s] [31mCMake Error at /opt/ros/foxy/share/rosidl_adapter/cmake/rosidl_adapt_interfaces.cmake:60 (message):
[1.015s]   
[1.016s]   execute_process(/home/rudolf/PycharmProjects/merl_InteractiveSumoSimulation/venv_python2/bin/python3
[1.016s]   -m rosidl_adapter --package-name custom_interfaces --arguments-file
[1.016s]   /home/rudolf/ros2/knappbot_ws/src/build/custom_interfaces/rosidl_adapter__arguments__custom_interfaces.json
[1.016s]   --output-dir
[1.016s]   /home/rudolf/ros2/knappbot_ws/src/build/custom_interfaces/rosidl_adapter/custom_interfaces
[1.016s]   --output-file
[1.016s]   /home/rudolf/ros2/knappbot_ws/src/build/custom_interfaces/rosidl_adapter/custom_interfaces.idls)
[1.016s]   returned error code 1:
[1.016s] 
[1.016s]   Traceback (most recent call last):
[1.016s] 
[1.017s]     File "/usr/lib/python3.8/runpy.py", line 194, in _run_module_as_main
[1.017s]       return _run_code(code, main_globals, None,
[1.017s]     File "/usr/lib/python3.8/runpy.py", line 87, in _run_code
[1.017s]       exec(code, run_globals)
[1.017s]     File "/opt/ros/foxy/lib/python3.8/site-packages/rosidl_adapter/__main__.py", line 19, in <module>
[1.017s]       sys.exit(main())
[1.017s]     File "/opt/ros/foxy/lib/python3.8/site-packages/rosidl_adapter/main.py", line 53, in main
[1.017s]       abs_idl_file = convert_to_idl(
[1.017s]     File "/opt/ros/foxy/lib/python3.8/site-packages/rosidl_adapter/__init__.py", line 18, in convert_to_idl
[1.017s]       from rosidl_adapter.msg import convert_msg_to_idl
[1.017s]     File "/opt/ros/foxy/lib/python3.8/site-packages/rosidl_adapter/msg/__init__.py", line 16, in <module>
[1.017s]       from rosidl_adapter.resource import expand_template
[1.017s]     File "/opt/ros/foxy/lib/python3.8/site-packages/rosidl_adapter/resource/__init__.py", line 19, in <module>
[1.017s]       import em
[1.017s] 
[1.017s]   ModuleNotFoundError: No module named 'em'
[1.017s] 
[1.018s] Call Stack (most recent call first):
[1.018s]   /opt/ros/foxy/share/rosidl_cmake/cmake/rosidl_generate_interfaces.cmake:130 (rosidl_adapt_interfaces)
[1.018s]   CMakeLists.txt:21 (rosidl_generate_interfaces)
[1.018s] 
[1.018s] [0m
[1.018s] -- Configuring incomplete, errors occurred!
[1.026s] Invoked command in '/home/rudolf/ros2/knappbot_ws/src/build/custom_interfaces' returned '1': CMAKE_PREFIX_PATH=${CMAKE_PREFIX_PATH}:/opt/ros/foxy /home/rudolf/PycharmProjects/merl_InteractiveSumoSimulation/venv_python2/bin/cmake /home/rudolf/ros2/knappbot_ws/src/custom_interfaces -DCMAKE_INSTALL_PREFIX=/home/rudolf/ros2/knappbot_ws/src/install/custom_interfaces
